{"__type":"$$EventMessageAudit","id":"e0f157b5-181c-4ba0-98ea-c4b8bb292353","ts":"2025-12-17T14:59:05.423-05:00","eventName":"n8n.audit.user.login.success","message":"n8n.audit.user.login.success","payload":{"userId":"4cd2d5de-d9a9-42e5-97f6-e9bf522dca0d","_email":"mitinabi718@gmail.com","_firstName":"mahdi","_lastName":"nabi","globalRole":"global:owner","authenticationMethod":"email"}}
{"__type":"$$EventMessageConfirm","confirm":"e0f157b5-181c-4ba0-98ea-c4b8bb292353","ts":"2025-12-17T14:59:05.424-05:00","source":{"id":"0","name":"eventBus"}}
{"__type":"$$EventMessageWorkflow","id":"d1c01041-bce0-4a0a-823e-86d91164df25","ts":"2025-12-17T15:00:54.254-05:00","eventName":"n8n.workflow.started","message":"n8n.workflow.started","payload":{"executionId":"13","workflowId":"ZQ61gLiqsz4rXsxT","isManual":false,"workflowName":"My workflow"}}
{"__type":"$$EventMessageConfirm","confirm":"d1c01041-bce0-4a0a-823e-86d91164df25","ts":"2025-12-17T15:00:54.254-05:00","source":{"id":"0","name":"eventBus"}}
{"__type":"$$EventMessageNode","id":"7740df9f-53c3-4b23-9c03-cb33b9f94be7","ts":"2025-12-17T15:00:54.258-05:00","eventName":"n8n.node.started","message":"n8n.node.started","payload":{"workflowId":"ZQ61gLiqsz4rXsxT","workflowName":"My workflow","executionId":"13","nodeType":"n8n-nodes-base.webhook","nodeName":"Webhook1","nodeId":"9e09bae1-0090-4058-8906-4ef3b1b1b6e2"}}
{"__type":"$$EventMessageConfirm","confirm":"7740df9f-53c3-4b23-9c03-cb33b9f94be7","ts":"2025-12-17T15:00:54.259-05:00","source":{"id":"0","name":"eventBus"}}
{"__type":"$$EventMessageNode","id":"45f0490f-a470-4c8c-b0b6-b5b6d1238adc","ts":"2025-12-17T15:00:54.261-05:00","eventName":"n8n.node.finished","message":"n8n.node.finished","payload":{"workflowId":"ZQ61gLiqsz4rXsxT","workflowName":"My workflow","executionId":"13","nodeType":"n8n-nodes-base.webhook","nodeName":"Webhook1","nodeId":"9e09bae1-0090-4058-8906-4ef3b1b1b6e2"}}
{"__type":"$$EventMessageConfirm","confirm":"45f0490f-a470-4c8c-b0b6-b5b6d1238adc","ts":"2025-12-17T15:00:54.261-05:00","source":{"id":"0","name":"eventBus"}}
{"__type":"$$EventMessageWorkflow","id":"5d939831-6851-457d-85bc-3c90cfbd6428","ts":"2025-12-17T15:00:54.273-05:00","eventName":"n8n.workflow.success","message":"n8n.workflow.success","payload":{"executionId":"13","success":true,"isManual":true,"workflowId":"ZQ61gLiqsz4rXsxT","workflowName":"My workflow"}}
{"__type":"$$EventMessageConfirm","confirm":"5d939831-6851-457d-85bc-3c90cfbd6428","ts":"2025-12-17T15:00:54.273-05:00","source":{"id":"0","name":"eventBus"}}
{"__type":"$$EventMessageWorkflow","id":"4e13fa48-4d87-4a95-b798-98aad7892c3f","ts":"2025-12-17T15:01:23.085-05:00","eventName":"n8n.workflow.started","message":"n8n.workflow.started","payload":{"executionId":"14","workflowId":"ZQ61gLiqsz4rXsxT","isManual":false,"workflowName":"My workflow"}}
{"__type":"$$EventMessageConfirm","confirm":"4e13fa48-4d87-4a95-b798-98aad7892c3f","ts":"2025-12-17T15:01:23.085-05:00","source":{"id":"0","name":"eventBus"}}
{"__type":"$$EventMessageNode","id":"2d5a96f3-cd1a-4df6-972d-9c16c78a0d6e","ts":"2025-12-17T15:01:23.087-05:00","eventName":"n8n.node.started","message":"n8n.node.started","payload":{"workflowId":"ZQ61gLiqsz4rXsxT","workflowName":"My workflow","executionId":"14","nodeType":"n8n-nodes-base.emailSend","nodeName":"Send email1","nodeId":"f7e47ac7-95b9-4432-bba3-975023df3fa2"}}
{"__type":"$$EventMessageConfirm","confirm":"2d5a96f3-cd1a-4df6-972d-9c16c78a0d6e","ts":"2025-12-17T15:01:23.088-05:00","source":{"id":"0","name":"eventBus"}}
{"__type":"$$EventMessageNode","id":"dfc5847a-8f5a-4e5c-a4dc-9436338035ef","ts":"2025-12-17T15:01:27.172-05:00","eventName":"n8n.node.finished","message":"n8n.node.finished","payload":{"workflowId":"ZQ61gLiqsz4rXsxT","workflowName":"My workflow","executionId":"14","nodeType":"n8n-nodes-base.emailSend","nodeName":"Send email1","nodeId":"f7e47ac7-95b9-4432-bba3-975023df3fa2"}}
{"__type":"$$EventMessageConfirm","confirm":"dfc5847a-8f5a-4e5c-a4dc-9436338035ef","ts":"2025-12-17T15:01:27.173-05:00","source":{"id":"0","name":"eventBus"}}
{"__type":"$$EventMessageWorkflow","id":"46a35b97-d014-49b1-8a7f-d7d8441bae00","ts":"2025-12-17T15:01:27.177-05:00","eventName":"n8n.workflow.success","message":"n8n.workflow.success","payload":{"userId":"4cd2d5de-d9a9-42e5-97f6-e9bf522dca0d","executionId":"14","success":true,"isManual":true,"workflowId":"ZQ61gLiqsz4rXsxT","workflowName":"My workflow"}}
{"__type":"$$EventMessageConfirm","confirm":"46a35b97-d014-49b1-8a7f-d7d8441bae00","ts":"2025-12-17T15:01:27.177-05:00","source":{"id":"0","name":"eventBus"}}
{"__type":"$$EventMessageWorkflow","id":"c3068aae-498e-4482-a457-fe9746e95c65","ts":"2025-12-17T15:04:53.513-05:00","eventName":"n8n.workflow.started","message":"n8n.workflow.started","payload":{"executionId":"15","workflowId":"ZQ61gLiqsz4rXsxT","isManual":false,"workflowName":"My workflow"}}
{"__type":"$$EventMessageConfirm","confirm":"c3068aae-498e-4482-a457-fe9746e95c65","ts":"2025-12-17T15:04:53.513-05:00","source":{"id":"0","name":"eventBus"}}
{"__type":"$$EventMessageNode","id":"8edf2b88-1f62-49f1-bfa1-655804194888","ts":"2025-12-17T15:04:53.514-05:00","eventName":"n8n.node.started","message":"n8n.node.started","payload":{"workflowId":"ZQ61gLiqsz4rXsxT","workflowName":"My workflow","executionId":"15","nodeType":"n8n-nodes-base.webhook","nodeName":"Webhook","nodeId":"fbfe634f-2a3b-4b7f-a371-75056a26ff15"}}
{"__type":"$$EventMessageConfirm","confirm":"8edf2b88-1f62-49f1-bfa1-655804194888","ts":"2025-12-17T15:04:53.514-05:00","source":{"id":"0","name":"eventBus"}}
{"__type":"$$EventMessageNode","id":"f9e6f85f-dda1-418a-9f28-5e75210cd56a","ts":"2025-12-17T15:04:53.515-05:00","eventName":"n8n.node.finished","message":"n8n.node.finished","payload":{"workflowId":"ZQ61gLiqsz4rXsxT","workflowName":"My workflow","executionId":"15","nodeType":"n8n-nodes-base.webhook","nodeName":"Webhook","nodeId":"fbfe634f-2a3b-4b7f-a371-75056a26ff15"}}
{"__type":"$$EventMessageConfirm","confirm":"f9e6f85f-dda1-418a-9f28-5e75210cd56a","ts":"2025-12-17T15:04:53.515-05:00","source":{"id":"0","name":"eventBus"}}
{"__type":"$$EventMessageWorkflow","id":"41335d73-5836-42c8-a1f7-14e7b99439e7","ts":"2025-12-17T15:04:53.526-05:00","eventName":"n8n.workflow.success","message":"n8n.workflow.success","payload":{"executionId":"15","success":true,"isManual":true,"workflowId":"ZQ61gLiqsz4rXsxT","workflowName":"My workflow"}}
{"__type":"$$EventMessageConfirm","confirm":"41335d73-5836-42c8-a1f7-14e7b99439e7","ts":"2025-12-17T15:04:53.526-05:00","source":{"id":"0","name":"eventBus"}}
{"__type":"$$EventMessageWorkflow","id":"0cfa7391-d4b1-4f1d-b292-b28804a05638","ts":"2025-12-17T15:06:15.691-05:00","eventName":"n8n.workflow.started","message":"n8n.workflow.started","payload":{"executionId":"16","workflowId":"ZQ61gLiqsz4rXsxT","isManual":false,"workflowName":"My workflow"}}
{"__type":"$$EventMessageConfirm","confirm":"0cfa7391-d4b1-4f1d-b292-b28804a05638","ts":"2025-12-17T15:06:15.691-05:00","source":{"id":"0","name":"eventBus"}}
{"__type":"$$EventMessageNode","id":"fd0a18a4-06fb-4e82-a9d5-114ce14156a7","ts":"2025-12-17T15:06:15.692-05:00","eventName":"n8n.node.started","message":"n8n.node.started","payload":{"workflowId":"ZQ61gLiqsz4rXsxT","workflowName":"My workflow","executionId":"16","nodeType":"n8n-nodes-base.emailSend","nodeName":"Send email","nodeId":"a66974b4-ee1e-42c2-b044-d9fb865f9759"}}
{"__type":"$$EventMessageConfirm","confirm":"fd0a18a4-06fb-4e82-a9d5-114ce14156a7","ts":"2025-12-17T15:06:15.693-05:00","source":{"id":"0","name":"eventBus"}}
{"__type":"$$EventMessageNode","id":"ea758f78-0e71-4f43-a75a-aaf96761ddb9","ts":"2025-12-17T15:06:18.378-05:00","eventName":"n8n.node.finished","message":"n8n.node.finished","payload":{"workflowId":"ZQ61gLiqsz4rXsxT","workflowName":"My workflow","executionId":"16","nodeType":"n8n-nodes-base.emailSend","nodeName":"Send email","nodeId":"a66974b4-ee1e-42c2-b044-d9fb865f9759"}}
{"__type":"$$EventMessageConfirm","confirm":"ea758f78-0e71-4f43-a75a-aaf96761ddb9","ts":"2025-12-17T15:06:18.378-05:00","source":{"id":"0","name":"eventBus"}}
{"__type":"$$EventMessageWorkflow","id":"204459ec-cbee-4f98-91c6-d6d402ceb791","ts":"2025-12-17T15:06:18.382-05:00","eventName":"n8n.workflow.success","message":"n8n.workflow.success","payload":{"userId":"4cd2d5de-d9a9-42e5-97f6-e9bf522dca0d","executionId":"16","success":true,"isManual":true,"workflowId":"ZQ61gLiqsz4rXsxT","workflowName":"My workflow"}}
{"__type":"$$EventMessageConfirm","confirm":"204459ec-cbee-4f98-91c6-d6d402ceb791","ts":"2025-12-17T15:06:18.382-05:00","source":{"id":"0","name":"eventBus"}}
