{"__type":"$$EventMessageAudit","id":"f776f91d-c171-4903-bcfc-6cb6fe69a43c","ts":"2025-12-16T05:16:12.842-05:00","eventName":"n8n.audit.workflow.updated","message":"n8n.audit.workflow.updated","payload":{"userId":"4cd2d5de-d9a9-42e5-97f6-e9bf522dca0d","_email":"mitinabi718@gmail.com","_firstName":"mahdi","_lastName":"nabi","globalRole":"global:owner","workflowId":"ZQ61gLiqsz4rXsxT","workflowName":"My workflow"}}
{"__type":"$$EventMessageConfirm","confirm":"f776f91d-c171-4903-bcfc-6cb6fe69a43c","ts":"2025-12-16T05:16:12.842-05:00","source":{"id":"0","name":"eventBus"}}
{"__type":"$$EventMessageWorkflow","id":"19ed3f08-4888-485a-ac0c-3b8ad9064b46","ts":"2025-12-16T05:16:52.573-05:00","eventName":"n8n.workflow.started","message":"n8n.workflow.started","payload":{"executionId":"6","workflowId":"ZQ61gLiqsz4rXsxT","isManual":false,"workflowName":"My workflow"}}
{"__type":"$$EventMessageConfirm","confirm":"19ed3f08-4888-485a-ac0c-3b8ad9064b46","ts":"2025-12-16T05:16:52.573-05:00","source":{"id":"0","name":"eventBus"}}
{"__type":"$$EventMessageNode","id":"6c81401e-2b8a-4acc-ac5a-064f01232b98","ts":"2025-12-16T05:16:52.576-05:00","eventName":"n8n.node.started","message":"n8n.node.started","payload":{"workflowId":"ZQ61gLiqsz4rXsxT","workflowName":"My workflow","executionId":"6","nodeType":"n8n-nodes-base.webhook","nodeName":"Webhook1","nodeId":"9e09bae1-0090-4058-8906-4ef3b1b1b6e2"}}
{"__type":"$$EventMessageConfirm","confirm":"6c81401e-2b8a-4acc-ac5a-064f01232b98","ts":"2025-12-16T05:16:52.576-05:00","source":{"id":"0","name":"eventBus"}}
{"__type":"$$EventMessageNode","id":"a6a8c405-fa80-4776-8e9a-0151bb5c3f73","ts":"2025-12-16T05:16:52.577-05:00","eventName":"n8n.node.finished","message":"n8n.node.finished","payload":{"workflowId":"ZQ61gLiqsz4rXsxT","workflowName":"My workflow","executionId":"6","nodeType":"n8n-nodes-base.webhook","nodeName":"Webhook1","nodeId":"9e09bae1-0090-4058-8906-4ef3b1b1b6e2"}}
{"__type":"$$EventMessageConfirm","confirm":"a6a8c405-fa80-4776-8e9a-0151bb5c3f73","ts":"2025-12-16T05:16:52.578-05:00","source":{"id":"0","name":"eventBus"}}
{"__type":"$$EventMessageWorkflow","id":"eb28bd25-0b9b-46c0-b7a8-c84fadda111f","ts":"2025-12-16T05:16:52.586-05:00","eventName":"n8n.workflow.success","message":"n8n.workflow.success","payload":{"executionId":"6","success":true,"isManual":true,"workflowId":"ZQ61gLiqsz4rXsxT","workflowName":"My workflow"}}
{"__type":"$$EventMessageConfirm","confirm":"eb28bd25-0b9b-46c0-b7a8-c84fadda111f","ts":"2025-12-16T05:16:52.586-05:00","source":{"id":"0","name":"eventBus"}}
{"__type":"$$EventMessageWorkflow","id":"e928f89a-48df-4f14-80ea-a45a80830e8e","ts":"2025-12-16T05:22:19.840-05:00","eventName":"n8n.workflow.started","message":"n8n.workflow.started","payload":{"executionId":"7","workflowId":"ZQ61gLiqsz4rXsxT","isManual":false,"workflowName":"My workflow"}}
{"__type":"$$EventMessageConfirm","confirm":"e928f89a-48df-4f14-80ea-a45a80830e8e","ts":"2025-12-16T05:22:19.840-05:00","source":{"id":"0","name":"eventBus"}}
{"__type":"$$EventMessageNode","id":"be1a8d14-b28c-4991-8650-1727439142a6","ts":"2025-12-16T05:22:19.841-05:00","eventName":"n8n.node.started","message":"n8n.node.started","payload":{"workflowId":"ZQ61gLiqsz4rXsxT","workflowName":"My workflow","executionId":"7","nodeType":"n8n-nodes-base.webhook","nodeName":"Webhook1","nodeId":"9e09bae1-0090-4058-8906-4ef3b1b1b6e2"}}
{"__type":"$$EventMessageConfirm","confirm":"be1a8d14-b28c-4991-8650-1727439142a6","ts":"2025-12-16T05:22:19.842-05:00","source":{"id":"0","name":"eventBus"}}
{"__type":"$$EventMessageNode","id":"17a7146d-8d45-4bbd-bb9f-d5cf422fa8a6","ts":"2025-12-16T05:22:19.843-05:00","eventName":"n8n.node.finished","message":"n8n.node.finished","payload":{"workflowId":"ZQ61gLiqsz4rXsxT","workflowName":"My workflow","executionId":"7","nodeType":"n8n-nodes-base.webhook","nodeName":"Webhook1","nodeId":"9e09bae1-0090-4058-8906-4ef3b1b1b6e2"}}
{"__type":"$$EventMessageConfirm","confirm":"17a7146d-8d45-4bbd-bb9f-d5cf422fa8a6","ts":"2025-12-16T05:22:19.843-05:00","source":{"id":"0","name":"eventBus"}}
{"__type":"$$EventMessageWorkflow","id":"7898803c-2771-440f-9e24-44bbd5daeec8","ts":"2025-12-16T05:22:19.847-05:00","eventName":"n8n.workflow.success","message":"n8n.workflow.success","payload":{"executionId":"7","success":true,"isManual":true,"workflowId":"ZQ61gLiqsz4rXsxT","workflowName":"My workflow"}}
{"__type":"$$EventMessageConfirm","confirm":"7898803c-2771-440f-9e24-44bbd5daeec8","ts":"2025-12-16T05:22:19.847-05:00","source":{"id":"0","name":"eventBus"}}
{"__type":"$$EventMessageWorkflow","id":"435ac41d-cb28-40a0-bad4-e2a109809011","ts":"2025-12-16T05:23:08.539-05:00","eventName":"n8n.workflow.started","message":"n8n.workflow.started","payload":{"executionId":"8","workflowId":"ZQ61gLiqsz4rXsxT","isManual":false,"workflowName":"My workflow"}}
{"__type":"$$EventMessageConfirm","confirm":"435ac41d-cb28-40a0-bad4-e2a109809011","ts":"2025-12-16T05:23:08.539-05:00","source":{"id":"0","name":"eventBus"}}
{"__type":"$$EventMessageNode","id":"39f970f0-7618-4ce9-aa1d-d6cc2ec21249","ts":"2025-12-16T05:23:08.541-05:00","eventName":"n8n.node.started","message":"n8n.node.started","payload":{"workflowId":"ZQ61gLiqsz4rXsxT","workflowName":"My workflow","executionId":"8","nodeType":"n8n-nodes-base.emailSend","nodeName":"Send email1","nodeId":"f7e47ac7-95b9-4432-bba3-975023df3fa2"}}
{"__type":"$$EventMessageConfirm","confirm":"39f970f0-7618-4ce9-aa1d-d6cc2ec21249","ts":"2025-12-16T05:23:08.541-05:00","source":{"id":"0","name":"eventBus"}}
{"__type":"$$EventMessageNode","id":"5434fd26-8787-4da2-9879-ed1a62553d53","ts":"2025-12-16T05:23:12.694-05:00","eventName":"n8n.node.finished","message":"n8n.node.finished","payload":{"workflowId":"ZQ61gLiqsz4rXsxT","workflowName":"My workflow","executionId":"8","nodeType":"n8n-nodes-base.emailSend","nodeName":"Send email1","nodeId":"f7e47ac7-95b9-4432-bba3-975023df3fa2"}}
{"__type":"$$EventMessageConfirm","confirm":"5434fd26-8787-4da2-9879-ed1a62553d53","ts":"2025-12-16T05:23:12.694-05:00","source":{"id":"0","name":"eventBus"}}
{"__type":"$$EventMessageWorkflow","id":"e90bbb0c-8b57-4b10-8b65-0effe1375b0d","ts":"2025-12-16T05:23:12.698-05:00","eventName":"n8n.workflow.success","message":"n8n.workflow.success","payload":{"userId":"4cd2d5de-d9a9-42e5-97f6-e9bf522dca0d","executionId":"8","success":true,"isManual":true,"workflowId":"ZQ61gLiqsz4rXsxT","workflowName":"My workflow"}}
{"__type":"$$EventMessageConfirm","confirm":"e90bbb0c-8b57-4b10-8b65-0effe1375b0d","ts":"2025-12-16T05:23:12.698-05:00","source":{"id":"0","name":"eventBus"}}
{"__type":"$$EventMessageWorkflow","id":"7c036f71-4e77-4bbe-a25e-163f0a772e34","ts":"2025-12-16T05:24:40.878-05:00","eventName":"n8n.workflow.started","message":"n8n.workflow.started","payload":{"executionId":"9","workflowId":"ZQ61gLiqsz4rXsxT","isManual":false,"workflowName":"My workflow"}}
{"__type":"$$EventMessageConfirm","confirm":"7c036f71-4e77-4bbe-a25e-163f0a772e34","ts":"2025-12-16T05:24:40.879-05:00","source":{"id":"0","name":"eventBus"}}
{"__type":"$$EventMessageNode","id":"bb178ebc-64a8-40d3-bc79-6902a24551e0","ts":"2025-12-16T05:24:40.879-05:00","eventName":"n8n.node.started","message":"n8n.node.started","payload":{"workflowId":"ZQ61gLiqsz4rXsxT","workflowName":"My workflow","executionId":"9","nodeType":"n8n-nodes-base.webhook","nodeName":"Webhook1","nodeId":"9e09bae1-0090-4058-8906-4ef3b1b1b6e2"}}
{"__type":"$$EventMessageConfirm","confirm":"bb178ebc-64a8-40d3-bc79-6902a24551e0","ts":"2025-12-16T05:24:40.879-05:00","source":{"id":"0","name":"eventBus"}}
{"__type":"$$EventMessageNode","id":"01c6e464-4e47-4504-8ebe-fecf658f658b","ts":"2025-12-16T05:24:40.880-05:00","eventName":"n8n.node.finished","message":"n8n.node.finished","payload":{"workflowId":"ZQ61gLiqsz4rXsxT","workflowName":"My workflow","executionId":"9","nodeType":"n8n-nodes-base.webhook","nodeName":"Webhook1","nodeId":"9e09bae1-0090-4058-8906-4ef3b1b1b6e2"}}
{"__type":"$$EventMessageConfirm","confirm":"01c6e464-4e47-4504-8ebe-fecf658f658b","ts":"2025-12-16T05:24:40.880-05:00","source":{"id":"0","name":"eventBus"}}
{"__type":"$$EventMessageWorkflow","id":"8d02e4e6-8bf9-436b-8ad1-9bc4e579f784","ts":"2025-12-16T05:24:40.885-05:00","eventName":"n8n.workflow.success","message":"n8n.workflow.success","payload":{"executionId":"9","success":true,"isManual":true,"workflowId":"ZQ61gLiqsz4rXsxT","workflowName":"My workflow"}}
{"__type":"$$EventMessageConfirm","confirm":"8d02e4e6-8bf9-436b-8ad1-9bc4e579f784","ts":"2025-12-16T05:24:40.885-05:00","source":{"id":"0","name":"eventBus"}}
{"__type":"$$EventMessageAudit","id":"0936ce19-defa-4f3a-bb69-6fef9068e97d","ts":"2025-12-16T05:24:55.190-05:00","eventName":"n8n.audit.workflow.updated","message":"n8n.audit.workflow.updated","payload":{"userId":"4cd2d5de-d9a9-42e5-97f6-e9bf522dca0d","_email":"mitinabi718@gmail.com","_firstName":"mahdi","_lastName":"nabi","globalRole":"global:owner","workflowId":"ZQ61gLiqsz4rXsxT","workflowName":"My workflow"}}
{"__type":"$$EventMessageConfirm","confirm":"0936ce19-defa-4f3a-bb69-6fef9068e97d","ts":"2025-12-16T05:24:55.190-05:00","source":{"id":"0","name":"eventBus"}}
{"__type":"$$EventMessageWorkflow","id":"154341bb-452f-440a-a2d0-0e974a039526","ts":"2025-12-16T05:25:25.421-05:00","eventName":"n8n.workflow.started","message":"n8n.workflow.started","payload":{"executionId":"10","workflowId":"ZQ61gLiqsz4rXsxT","isManual":false,"workflowName":"My workflow"}}
{"__type":"$$EventMessageConfirm","confirm":"154341bb-452f-440a-a2d0-0e974a039526","ts":"2025-12-16T05:25:25.421-05:00","source":{"id":"0","name":"eventBus"}}
{"__type":"$$EventMessageNode","id":"3e382e94-c0b5-4658-b7cd-11e8dce2a688","ts":"2025-12-16T05:25:25.422-05:00","eventName":"n8n.node.started","message":"n8n.node.started","payload":{"workflowId":"ZQ61gLiqsz4rXsxT","workflowName":"My workflow","executionId":"10","nodeType":"n8n-nodes-base.webhook","nodeName":"Webhook1","nodeId":"9e09bae1-0090-4058-8906-4ef3b1b1b6e2"}}
{"__type":"$$EventMessageConfirm","confirm":"3e382e94-c0b5-4658-b7cd-11e8dce2a688","ts":"2025-12-16T05:25:25.422-05:00","source":{"id":"0","name":"eventBus"}}
{"__type":"$$EventMessageNode","id":"46e0d766-4d7a-40ff-af15-2aeb692ae1c5","ts":"2025-12-16T05:25:25.423-05:00","eventName":"n8n.node.finished","message":"n8n.node.finished","payload":{"workflowId":"ZQ61gLiqsz4rXsxT","workflowName":"My workflow","executionId":"10","nodeType":"n8n-nodes-base.webhook","nodeName":"Webhook1","nodeId":"9e09bae1-0090-4058-8906-4ef3b1b1b6e2"}}
{"__type":"$$EventMessageConfirm","confirm":"46e0d766-4d7a-40ff-af15-2aeb692ae1c5","ts":"2025-12-16T05:25:25.423-05:00","source":{"id":"0","name":"eventBus"}}
{"__type":"$$EventMessageWorkflow","id":"c533ddb4-5779-4e28-943d-4d0e39143fe9","ts":"2025-12-16T05:25:25.426-05:00","eventName":"n8n.workflow.success","message":"n8n.workflow.success","payload":{"executionId":"10","success":true,"isManual":true,"workflowId":"ZQ61gLiqsz4rXsxT","workflowName":"My workflow"}}
{"__type":"$$EventMessageConfirm","confirm":"c533ddb4-5779-4e28-943d-4d0e39143fe9","ts":"2025-12-16T05:25:25.426-05:00","source":{"id":"0","name":"eventBus"}}
