{"__type":"$$EventMessageWorkflow","id":"5f6ec66d-181d-4011-9aac-48a40e7335cc","ts":"2025-11-23T16:18:17.237+00:00","eventName":"n8n.workflow.started","message":"n8n.workflow.started","payload":{"executionId":"1","workflowId":"QZBSmoFoJboWWHhx","isManual":false,"workflowName":"My workflow"}}
{"__type":"$$EventMessageConfirm","confirm":"5f6ec66d-181d-4011-9aac-48a40e7335cc","ts":"2025-11-23T16:18:17.237+00:00","source":{"id":"0","name":"eventBus"}}
{"__type":"$$EventMessageNode","id":"f2178184-32f9-411b-b032-4cb010b80176","ts":"2025-11-23T16:18:17.240+00:00","eventName":"n8n.node.started","message":"n8n.node.started","payload":{"workflowId":"QZBSmoFoJboWWHhx","workflowName":"My workflow","executionId":"1","nodeType":"n8n-nodes-base.emailSend","nodeName":"Send email","nodeId":"1b822207-c2bd-4cdd-bc1b-16700b4e6148"}}
{"__type":"$$EventMessageConfirm","confirm":"f2178184-32f9-411b-b032-4cb010b80176","ts":"2025-11-23T16:18:17.240+00:00","source":{"id":"0","name":"eventBus"}}
{"__type":"$$EventMessageNode","id":"74ec9766-d1da-496c-85e6-c7ec8f2d3f59","ts":"2025-11-23T16:18:17.249+00:00","eventName":"n8n.node.finished","message":"n8n.node.finished","payload":{"workflowId":"QZBSmoFoJboWWHhx","workflowName":"My workflow","executionId":"1","nodeType":"n8n-nodes-base.emailSend","nodeName":"Send email","nodeId":"1b822207-c2bd-4cdd-bc1b-16700b4e6148"}}
{"__type":"$$EventMessageConfirm","confirm":"74ec9766-d1da-496c-85e6-c7ec8f2d3f59","ts":"2025-11-23T16:18:17.250+00:00","source":{"id":"0","name":"eventBus"}}
{"__type":"$$EventMessageWorkflow","id":"0a393047-0986-4b33-bd9b-db5df86c1a12","ts":"2025-11-23T16:18:17.254+00:00","eventName":"n8n.workflow.success","message":"n8n.workflow.success","payload":{"userId":"24fcb1ea-1608-4c00-95d8-7dbc735dd9a3","executionId":"1","success":true,"isManual":true,"workflowId":"QZBSmoFoJboWWHhx","workflowName":"My workflow"}}
{"__type":"$$EventMessageConfirm","confirm":"0a393047-0986-4b33-bd9b-db5df86c1a12","ts":"2025-11-23T16:18:17.254+00:00","source":{"id":"0","name":"eventBus"}}
{"__type":"$$EventMessageWorkflow","id":"4f5b3064-e4cf-483d-a84a-acc1cd54eb7a","ts":"2025-11-23T16:18:24.681+00:00","eventName":"n8n.workflow.started","message":"n8n.workflow.started","payload":{"executionId":"2","workflowId":"QZBSmoFoJboWWHhx","isManual":false,"workflowName":"My workflow"}}
{"__type":"$$EventMessageConfirm","confirm":"4f5b3064-e4cf-483d-a84a-acc1cd54eb7a","ts":"2025-11-23T16:18:24.682+00:00","source":{"id":"0","name":"eventBus"}}
{"__type":"$$EventMessageNode","id":"8e1cbe99-cffc-47db-b21d-360c949559f9","ts":"2025-11-23T16:18:24.682+00:00","eventName":"n8n.node.started","message":"n8n.node.started","payload":{"workflowId":"QZBSmoFoJboWWHhx","workflowName":"My workflow","executionId":"2","nodeType":"n8n-nodes-base.webhook","nodeName":"Webhook","nodeId":"dd8d95af-1c79-47a5-b04e-b425ac405492"}}
{"__type":"$$EventMessageConfirm","confirm":"8e1cbe99-cffc-47db-b21d-360c949559f9","ts":"2025-11-23T16:18:24.682+00:00","source":{"id":"0","name":"eventBus"}}
{"__type":"$$EventMessageNode","id":"0c8cf7be-3ecc-48a0-a806-146517de883f","ts":"2025-11-23T16:18:24.683+00:00","eventName":"n8n.node.finished","message":"n8n.node.finished","payload":{"workflowId":"QZBSmoFoJboWWHhx","workflowName":"My workflow","executionId":"2","nodeType":"n8n-nodes-base.webhook","nodeName":"Webhook","nodeId":"dd8d95af-1c79-47a5-b04e-b425ac405492"}}
{"__type":"$$EventMessageConfirm","confirm":"0c8cf7be-3ecc-48a0-a806-146517de883f","ts":"2025-11-23T16:18:24.683+00:00","source":{"id":"0","name":"eventBus"}}
{"__type":"$$EventMessageWorkflow","id":"75e7a5d3-efd3-48a3-9b1c-f362307de961","ts":"2025-11-23T16:18:24.687+00:00","eventName":"n8n.workflow.success","message":"n8n.workflow.success","payload":{"userId":"24fcb1ea-1608-4c00-95d8-7dbc735dd9a3","executionId":"2","success":true,"isManual":true,"workflowId":"QZBSmoFoJboWWHhx","workflowName":"My workflow"}}
{"__type":"$$EventMessageConfirm","confirm":"75e7a5d3-efd3-48a3-9b1c-f362307de961","ts":"2025-11-23T16:18:24.687+00:00","source":{"id":"0","name":"eventBus"}}
{"__type":"$$EventMessageWorkflow","id":"d2fc3201-608e-460c-bc0c-8ed1898297f9","ts":"2025-11-23T16:18:27.929+00:00","eventName":"n8n.workflow.started","message":"n8n.workflow.started","payload":{"executionId":"3","workflowId":"QZBSmoFoJboWWHhx","isManual":false,"workflowName":"My workflow"}}
{"__type":"$$EventMessageConfirm","confirm":"d2fc3201-608e-460c-bc0c-8ed1898297f9","ts":"2025-11-23T16:18:27.930+00:00","source":{"id":"0","name":"eventBus"}}
{"__type":"$$EventMessageNode","id":"23da5d90-1455-4b31-a580-53e3666be02e","ts":"2025-11-23T16:18:27.930+00:00","eventName":"n8n.node.started","message":"n8n.node.started","payload":{"workflowId":"QZBSmoFoJboWWHhx","workflowName":"My workflow","executionId":"3","nodeType":"n8n-nodes-base.emailSend","nodeName":"Send email","nodeId":"1b822207-c2bd-4cdd-bc1b-16700b4e6148"}}
{"__type":"$$EventMessageConfirm","confirm":"23da5d90-1455-4b31-a580-53e3666be02e","ts":"2025-11-23T16:18:27.930+00:00","source":{"id":"0","name":"eventBus"}}
{"__type":"$$EventMessageNode","id":"de330802-4714-4966-b5ca-78463127d1b9","ts":"2025-11-23T16:18:27.932+00:00","eventName":"n8n.node.finished","message":"n8n.node.finished","payload":{"workflowId":"QZBSmoFoJboWWHhx","workflowName":"My workflow","executionId":"3","nodeType":"n8n-nodes-base.emailSend","nodeName":"Send email","nodeId":"1b822207-c2bd-4cdd-bc1b-16700b4e6148"}}
{"__type":"$$EventMessageConfirm","confirm":"de330802-4714-4966-b5ca-78463127d1b9","ts":"2025-11-23T16:18:27.932+00:00","source":{"id":"0","name":"eventBus"}}
{"__type":"$$EventMessageWorkflow","id":"a8ad07c7-e495-4b5c-ba80-efd40269dc26","ts":"2025-11-23T16:18:27.934+00:00","eventName":"n8n.workflow.success","message":"n8n.workflow.success","payload":{"userId":"24fcb1ea-1608-4c00-95d8-7dbc735dd9a3","executionId":"3","success":true,"isManual":true,"workflowId":"QZBSmoFoJboWWHhx","workflowName":"My workflow"}}
{"__type":"$$EventMessageConfirm","confirm":"a8ad07c7-e495-4b5c-ba80-efd40269dc26","ts":"2025-11-23T16:18:27.934+00:00","source":{"id":"0","name":"eventBus"}}
{"__type":"$$EventMessageAudit","id":"183168eb-3f8c-4f7e-abfc-f4d17c580c30","ts":"2025-11-23T16:26:32.057+00:00","eventName":"n8n.audit.workflow.updated","message":"n8n.audit.workflow.updated","payload":{"userId":"24fcb1ea-1608-4c00-95d8-7dbc735dd9a3","_email":"mitinabi718@gmail.com","_firstName":"mahdi","_lastName":"nabi","globalRole":"global:owner","workflowId":"QZBSmoFoJboWWHhx","workflowName":"send_email"}}
{"__type":"$$EventMessageConfirm","confirm":"183168eb-3f8c-4f7e-abfc-f4d17c580c30","ts":"2025-11-23T16:26:32.057+00:00","source":{"id":"0","name":"eventBus"}}
{"__type":"$$EventMessageAudit","id":"c6ebee29-2a27-4e91-ae18-666c079c1ecd","ts":"2025-11-23T16:29:27.308+00:00","eventName":"n8n.audit.workflow.updated","message":"n8n.audit.workflow.updated","payload":{"userId":"24fcb1ea-1608-4c00-95d8-7dbc735dd9a3","_email":"mitinabi718@gmail.com","_firstName":"mahdi","_lastName":"nabi","globalRole":"global:owner","workflowId":"QZBSmoFoJboWWHhx","workflowName":"send_email"}}
{"__type":"$$EventMessageConfirm","confirm":"c6ebee29-2a27-4e91-ae18-666c079c1ecd","ts":"2025-11-23T16:29:27.308+00:00","source":{"id":"0","name":"eventBus"}}
