{"__type":"$$EventMessageAudit","id":"6d9cf9ad-bf9f-4f63-86de-36a41ca27fbd","ts":"2025-12-16T07:50:39.887+00:00","eventName":"n8n.audit.user.credentials.created","message":"n8n.audit.user.credentials.created","payload":{"userId":"4cd2d5de-d9a9-42e5-97f6-e9bf522dca0d","_email":"mitinabi718@gmail.com","_firstName":"mahdi","_lastName":"nabi","globalRole":"global:owner","credentialType":"smtp","credentialId":"ri5oU7OAYQ5zyr1f","publicApi":false,"projectId":"bPXZ3PqajVEfqdYf","projectType":"personal"}}
{"__type":"$$EventMessageConfirm","confirm":"6d9cf9ad-bf9f-4f63-86de-36a41ca27fbd","ts":"2025-12-16T07:50:39.887+00:00","source":{"id":"0","name":"eventBus"}}
{"__type":"$$EventMessageAudit","id":"3e1b4d7c-dc51-46e0-bf9e-568e6a9580c6","ts":"2025-12-16T07:51:33.926+00:00","eventName":"n8n.audit.workflow.created","message":"n8n.audit.workflow.created","payload":{"userId":"4cd2d5de-d9a9-42e5-97f6-e9bf522dca0d","_email":"mitinabi718@gmail.com","_firstName":"mahdi","_lastName":"nabi","globalRole":"global:owner","workflowId":"ZQ61gLiqsz4rXsxT","workflowName":"My workflow"}}
{"__type":"$$EventMessageConfirm","confirm":"3e1b4d7c-dc51-46e0-bf9e-568e6a9580c6","ts":"2025-12-16T07:51:33.926+00:00","source":{"id":"0","name":"eventBus"}}
{"__type":"$$EventMessageAudit","id":"97e20fc8-6d51-4850-a6f0-d4fcc703a325","ts":"2025-12-16T07:51:34.835+00:00","eventName":"n8n.audit.workflow.updated","message":"n8n.audit.workflow.updated","payload":{"userId":"4cd2d5de-d9a9-42e5-97f6-e9bf522dca0d","_email":"mitinabi718@gmail.com","_firstName":"mahdi","_lastName":"nabi","globalRole":"global:owner","workflowId":"ZQ61gLiqsz4rXsxT","workflowName":"My workflow"}}
{"__type":"$$EventMessageConfirm","confirm":"97e20fc8-6d51-4850-a6f0-d4fcc703a325","ts":"2025-12-16T07:51:34.835+00:00","source":{"id":"0","name":"eventBus"}}
{"__type":"$$EventMessageWorkflow","id":"17e8fba3-9930-4bb2-af26-2e052f58eff1","ts":"2025-12-16T02:57:05.051-05:00","eventName":"n8n.workflow.started","message":"n8n.workflow.started","payload":{"executionId":"1","workflowId":"ZQ61gLiqsz4rXsxT","isManual":false,"workflowName":"My workflow"}}
{"__type":"$$EventMessageConfirm","confirm":"17e8fba3-9930-4bb2-af26-2e052f58eff1","ts":"2025-12-16T02:57:05.051-05:00","source":{"id":"0","name":"eventBus"}}
{"__type":"$$EventMessageNode","id":"829a31d0-1d33-464c-9e51-0b717d07c64f","ts":"2025-12-16T02:57:05.053-05:00","eventName":"n8n.node.started","message":"n8n.node.started","payload":{"workflowId":"ZQ61gLiqsz4rXsxT","workflowName":"My workflow","executionId":"1","nodeType":"n8n-nodes-base.webhook","nodeName":"Webhook","nodeId":"fbfe634f-2a3b-4b7f-a371-75056a26ff15"}}
{"__type":"$$EventMessageConfirm","confirm":"829a31d0-1d33-464c-9e51-0b717d07c64f","ts":"2025-12-16T02:57:05.053-05:00","source":{"id":"0","name":"eventBus"}}
{"__type":"$$EventMessageNode","id":"0438fc80-70b8-4720-87b8-5dea969dd764","ts":"2025-12-16T02:57:05.054-05:00","eventName":"n8n.node.finished","message":"n8n.node.finished","payload":{"workflowId":"ZQ61gLiqsz4rXsxT","workflowName":"My workflow","executionId":"1","nodeType":"n8n-nodes-base.webhook","nodeName":"Webhook","nodeId":"fbfe634f-2a3b-4b7f-a371-75056a26ff15"}}
{"__type":"$$EventMessageConfirm","confirm":"0438fc80-70b8-4720-87b8-5dea969dd764","ts":"2025-12-16T02:57:05.055-05:00","source":{"id":"0","name":"eventBus"}}
{"__type":"$$EventMessageWorkflow","id":"092b9ed1-975a-4029-9dc5-2dd39242f74e","ts":"2025-12-16T02:57:05.058-05:00","eventName":"n8n.workflow.success","message":"n8n.workflow.success","payload":{"executionId":"1","success":true,"isManual":true,"workflowId":"ZQ61gLiqsz4rXsxT","workflowName":"My workflow"}}
{"__type":"$$EventMessageConfirm","confirm":"092b9ed1-975a-4029-9dc5-2dd39242f74e","ts":"2025-12-16T02:57:05.058-05:00","source":{"id":"0","name":"eventBus"}}
{"__type":"$$EventMessageWorkflow","id":"710382c1-6ea1-43c5-a24d-0a74fbe1336a","ts":"2025-12-16T02:57:29.087-05:00","eventName":"n8n.workflow.started","message":"n8n.workflow.started","payload":{"executionId":"2","workflowId":"ZQ61gLiqsz4rXsxT","isManual":false,"workflowName":"My workflow"}}
{"__type":"$$EventMessageConfirm","confirm":"710382c1-6ea1-43c5-a24d-0a74fbe1336a","ts":"2025-12-16T02:57:29.087-05:00","source":{"id":"0","name":"eventBus"}}
{"__type":"$$EventMessageNode","id":"59ff4a86-c7b1-4767-8d08-e589e2379e65","ts":"2025-12-16T02:57:29.088-05:00","eventName":"n8n.node.started","message":"n8n.node.started","payload":{"workflowId":"ZQ61gLiqsz4rXsxT","workflowName":"My workflow","executionId":"2","nodeType":"n8n-nodes-base.emailSend","nodeName":"Send email","nodeId":"a66974b4-ee1e-42c2-b044-d9fb865f9759"}}
{"__type":"$$EventMessageConfirm","confirm":"59ff4a86-c7b1-4767-8d08-e589e2379e65","ts":"2025-12-16T02:57:29.089-05:00","source":{"id":"0","name":"eventBus"}}
{"__type":"$$EventMessageNode","id":"5d66ab1b-2ce0-424c-ad87-c502c5075eea","ts":"2025-12-16T02:57:31.687-05:00","eventName":"n8n.node.finished","message":"n8n.node.finished","payload":{"workflowId":"ZQ61gLiqsz4rXsxT","workflowName":"My workflow","executionId":"2","nodeType":"n8n-nodes-base.emailSend","nodeName":"Send email","nodeId":"a66974b4-ee1e-42c2-b044-d9fb865f9759"}}
{"__type":"$$EventMessageConfirm","confirm":"5d66ab1b-2ce0-424c-ad87-c502c5075eea","ts":"2025-12-16T02:57:31.687-05:00","source":{"id":"0","name":"eventBus"}}
{"__type":"$$EventMessageWorkflow","id":"7920f898-2b0d-4ab2-9969-d73c6cf0f766","ts":"2025-12-16T02:57:31.689-05:00","eventName":"n8n.workflow.success","message":"n8n.workflow.success","payload":{"userId":"4cd2d5de-d9a9-42e5-97f6-e9bf522dca0d","executionId":"2","success":true,"isManual":true,"workflowId":"ZQ61gLiqsz4rXsxT","workflowName":"My workflow"}}
{"__type":"$$EventMessageConfirm","confirm":"7920f898-2b0d-4ab2-9969-d73c6cf0f766","ts":"2025-12-16T02:57:31.689-05:00","source":{"id":"0","name":"eventBus"}}
{"__type":"$$EventMessageWorkflow","id":"c3676000-2e84-4951-bbf3-5fec29651f67","ts":"2025-12-16T03:04:01.270-05:00","eventName":"n8n.workflow.started","message":"n8n.workflow.started","payload":{"executionId":"3","workflowId":"ZQ61gLiqsz4rXsxT","isManual":false,"workflowName":"My workflow"}}
{"__type":"$$EventMessageConfirm","confirm":"c3676000-2e84-4951-bbf3-5fec29651f67","ts":"2025-12-16T03:04:01.270-05:00","source":{"id":"0","name":"eventBus"}}
{"__type":"$$EventMessageNode","id":"df29fc27-4054-4236-9382-056a275b7366","ts":"2025-12-16T03:04:01.271-05:00","eventName":"n8n.node.started","message":"n8n.node.started","payload":{"workflowId":"ZQ61gLiqsz4rXsxT","workflowName":"My workflow","executionId":"3","nodeType":"n8n-nodes-base.webhook","nodeName":"Webhook","nodeId":"fbfe634f-2a3b-4b7f-a371-75056a26ff15"}}
{"__type":"$$EventMessageConfirm","confirm":"df29fc27-4054-4236-9382-056a275b7366","ts":"2025-12-16T03:04:01.271-05:00","source":{"id":"0","name":"eventBus"}}
{"__type":"$$EventMessageNode","id":"56a92a94-d77c-4ebb-86d9-531dff29510e","ts":"2025-12-16T03:04:01.271-05:00","eventName":"n8n.node.finished","message":"n8n.node.finished","payload":{"workflowId":"ZQ61gLiqsz4rXsxT","workflowName":"My workflow","executionId":"3","nodeType":"n8n-nodes-base.webhook","nodeName":"Webhook","nodeId":"fbfe634f-2a3b-4b7f-a371-75056a26ff15"}}
{"__type":"$$EventMessageConfirm","confirm":"56a92a94-d77c-4ebb-86d9-531dff29510e","ts":"2025-12-16T03:04:01.272-05:00","source":{"id":"0","name":"eventBus"}}
{"__type":"$$EventMessageWorkflow","id":"99335afa-f0fa-494e-917b-f22c0ce730a0","ts":"2025-12-16T03:04:01.275-05:00","eventName":"n8n.workflow.success","message":"n8n.workflow.success","payload":{"executionId":"3","success":true,"isManual":true,"workflowId":"ZQ61gLiqsz4rXsxT","workflowName":"My workflow"}}
{"__type":"$$EventMessageConfirm","confirm":"99335afa-f0fa-494e-917b-f22c0ce730a0","ts":"2025-12-16T03:04:01.275-05:00","source":{"id":"0","name":"eventBus"}}
{"__type":"$$EventMessageWorkflow","id":"b2fef638-fe64-4aab-8a09-bc38cf519a0b","ts":"2025-12-16T03:04:20.899-05:00","eventName":"n8n.workflow.started","message":"n8n.workflow.started","payload":{"executionId":"4","workflowId":"ZQ61gLiqsz4rXsxT","isManual":false,"workflowName":"My workflow"}}
{"__type":"$$EventMessageConfirm","confirm":"b2fef638-fe64-4aab-8a09-bc38cf519a0b","ts":"2025-12-16T03:04:20.899-05:00","source":{"id":"0","name":"eventBus"}}
{"__type":"$$EventMessageNode","id":"4e467510-19ed-45dc-b701-1fd53e44380a","ts":"2025-12-16T03:04:20.900-05:00","eventName":"n8n.node.started","message":"n8n.node.started","payload":{"workflowId":"ZQ61gLiqsz4rXsxT","workflowName":"My workflow","executionId":"4","nodeType":"n8n-nodes-base.emailSend","nodeName":"Send email","nodeId":"a66974b4-ee1e-42c2-b044-d9fb865f9759"}}
{"__type":"$$EventMessageConfirm","confirm":"4e467510-19ed-45dc-b701-1fd53e44380a","ts":"2025-12-16T03:04:20.901-05:00","source":{"id":"0","name":"eventBus"}}
{"__type":"$$EventMessageNode","id":"deb30839-fbd2-4fbf-a175-7e60cf73ef68","ts":"2025-12-16T03:04:23.383-05:00","eventName":"n8n.node.finished","message":"n8n.node.finished","payload":{"workflowId":"ZQ61gLiqsz4rXsxT","workflowName":"My workflow","executionId":"4","nodeType":"n8n-nodes-base.emailSend","nodeName":"Send email","nodeId":"a66974b4-ee1e-42c2-b044-d9fb865f9759"}}
{"__type":"$$EventMessageConfirm","confirm":"deb30839-fbd2-4fbf-a175-7e60cf73ef68","ts":"2025-12-16T03:04:23.383-05:00","source":{"id":"0","name":"eventBus"}}
{"__type":"$$EventMessageWorkflow","id":"2aeefa24-46c2-4c22-b9d9-d1c953081cae","ts":"2025-12-16T03:04:23.385-05:00","eventName":"n8n.workflow.success","message":"n8n.workflow.success","payload":{"userId":"4cd2d5de-d9a9-42e5-97f6-e9bf522dca0d","executionId":"4","success":true,"isManual":true,"workflowId":"ZQ61gLiqsz4rXsxT","workflowName":"My workflow"}}
{"__type":"$$EventMessageConfirm","confirm":"2aeefa24-46c2-4c22-b9d9-d1c953081cae","ts":"2025-12-16T03:04:23.386-05:00","source":{"id":"0","name":"eventBus"}}
{"__type":"$$EventMessageAudit","id":"d04cae7b-b9b3-4a9f-bc50-0ec1f8cad37b","ts":"2025-12-16T04:39:53.573-05:00","eventName":"n8n.audit.workflow.updated","message":"n8n.audit.workflow.updated","payload":{"userId":"4cd2d5de-d9a9-42e5-97f6-e9bf522dca0d","_email":"mitinabi718@gmail.com","_firstName":"mahdi","_lastName":"nabi","globalRole":"global:owner","workflowId":"ZQ61gLiqsz4rXsxT","workflowName":"My workflow"}}
{"__type":"$$EventMessageConfirm","confirm":"d04cae7b-b9b3-4a9f-bc50-0ec1f8cad37b","ts":"2025-12-16T04:39:53.573-05:00","source":{"id":"0","name":"eventBus"}}
{"__type":"$$EventMessageWorkflow","id":"44cf2513-b0df-400f-9257-09b0358e78c7","ts":"2025-12-16T04:48:34.484-05:00","eventName":"n8n.workflow.started","message":"n8n.workflow.started","payload":{"executionId":"5","workflowId":"ZQ61gLiqsz4rXsxT","isManual":false,"workflowName":"My workflow"}}
{"__type":"$$EventMessageConfirm","confirm":"44cf2513-b0df-400f-9257-09b0358e78c7","ts":"2025-12-16T04:48:34.484-05:00","source":{"id":"0","name":"eventBus"}}
{"__type":"$$EventMessageNode","id":"4c26c018-d055-4118-8ed7-8759855c58a1","ts":"2025-12-16T04:48:34.485-05:00","eventName":"n8n.node.started","message":"n8n.node.started","payload":{"workflowId":"ZQ61gLiqsz4rXsxT","workflowName":"My workflow","executionId":"5","nodeType":"n8n-nodes-base.webhook","nodeName":"Webhook","nodeId":"fbfe634f-2a3b-4b7f-a371-75056a26ff15"}}
{"__type":"$$EventMessageConfirm","confirm":"4c26c018-d055-4118-8ed7-8759855c58a1","ts":"2025-12-16T04:48:34.486-05:00","source":{"id":"0","name":"eventBus"}}
{"__type":"$$EventMessageNode","id":"4eb16c1f-a0b5-4e6b-856b-01416b248da5","ts":"2025-12-16T04:48:34.487-05:00","eventName":"n8n.node.finished","message":"n8n.node.finished","payload":{"workflowId":"ZQ61gLiqsz4rXsxT","workflowName":"My workflow","executionId":"5","nodeType":"n8n-nodes-base.webhook","nodeName":"Webhook","nodeId":"fbfe634f-2a3b-4b7f-a371-75056a26ff15"}}
{"__type":"$$EventMessageConfirm","confirm":"4eb16c1f-a0b5-4e6b-856b-01416b248da5","ts":"2025-12-16T04:48:34.487-05:00","source":{"id":"0","name":"eventBus"}}
{"__type":"$$EventMessageWorkflow","id":"5e3f669e-143c-4b7f-905e-9ec14c71e3d6","ts":"2025-12-16T04:48:34.489-05:00","eventName":"n8n.workflow.success","message":"n8n.workflow.success","payload":{"executionId":"5","success":true,"isManual":true,"workflowId":"ZQ61gLiqsz4rXsxT","workflowName":"My workflow"}}
{"__type":"$$EventMessageConfirm","confirm":"5e3f669e-143c-4b7f-905e-9ec14c71e3d6","ts":"2025-12-16T04:48:34.490-05:00","source":{"id":"0","name":"eventBus"}}
